<?xml version="1.0" encoding="UTF-8"?>
<!-- Generated by org.testng.reporters.JUnitReportReporter -->
<testsuite hostname="DESKTOP-D7V1PLT" failures="0" tests="1" name="TestCase.VerifyCostOfSecurityControl" time="164.755" errors="0" timestamp="2023-12-05T15:25:00 IST" skipped="0">
  <testcase classname="TestCase.VerifyCostOfSecurityControl" name="CostOfSecurityControl" time="164.755"/>
  <system-out/>
</testsuite> <!-- TestCase.VerifyCostOfSecurityControl -->
