<?xml version="1.0" encoding="UTF-8"?>
<!-- Generated by org.testng.reporters.JUnitReportReporter -->
<testsuite hostname="DESKTOP-D7V1PLT" failures="0" tests="1" name="TestCase.VerifyEditProfileNegative" time="175.245" errors="0" timestamp="2023-12-04T12:23:53 IST" skipped="0">
  <testcase classname="TestCase.VerifyEditProfileNegative" name="EditProfileNegative" time="175.245"/>
  <system-out/>
</testsuite> <!-- TestCase.VerifyEditProfileNegative -->
