<?xml version="1.0" encoding="UTF-8"?>
<!-- Generated by org.testng.reporters.JUnitReportReporter -->
<testsuite hostname="DESKTOP-D7V1PLT" failures="0" tests="1" name="TestCase.Verify_Advisory" time="104.256" errors="0" timestamp="2023-12-04T12:52:48 IST" skipped="0">
  <testcase classname="TestCase.Verify_Advisory" name="Advisory" time="104.256"/>
  <system-out/>
</testsuite> <!-- TestCase.Verify_Advisory -->
