<?xml version="1.0" encoding="UTF-8"?>
<!-- Generated by org.testng.reporters.JUnitReportReporter -->
<testsuite hostname="DESKTOP-D7V1PLT" failures="0" tests="1" name="TestCase.Verify_UpgradePlan" time="135.867" errors="0" timestamp="2023-10-11T13:07:26 IST" skipped="0">
  <testcase classname="TestCase.Verify_UpgradePlan" name="UpgradePlan" time="135.867"/>
  <system-out/>
</testsuite> <!-- TestCase.Verify_UpgradePlan -->
