<?xml version="1.0" encoding="UTF-8"?>
<!-- Generated by org.testng.reporters.JUnitReportReporter -->
<testsuite hostname="KomalPC" failures="0" tests="1" name="TestCase.Allmoduletestcases" time="250.670" errors="0" timestamp="2024-06-14T23:26:26 IST" skipped="0">
  <testcase classname="TestCase.Allmoduletestcases" name="Dashboard" time="250.670"/>
  <system-out/>
</testsuite> <!-- TestCase.Allmoduletestcases -->
