<?xml version="1.0" encoding="UTF-8"?>
<!-- Generated by org.testng.reporters.JUnitReportReporter -->
<testsuite hostname="DESKTOP-D7V1PLT" failures="0" tests="1" name="TestCase.VerifyDashboard" time="143.234" errors="0" timestamp="2023-12-05T14:52:24 IST" skipped="0">
  <testcase classname="TestCase.VerifyDashboard" name="Dashboard" time="143.234"/>
  <system-out/>
</testsuite> <!-- TestCase.VerifyDashboard -->
