<?xml version="1.0" encoding="UTF-8"?>
<!-- Generated by org.testng.reporters.JUnitReportReporter -->
<testsuite hostname="DESKTOP-D7V1PLT" failures="0" tests="1" name="TestCase.verifyEditProfile" time="187.814" errors="0" timestamp="2023-12-04T12:06:27 IST" skipped="0">
  <testcase classname="TestCase.verifyEditProfile" name="EditProfile" time="187.814"/>
  <system-out/>
</testsuite> <!-- TestCase.verifyEditProfile -->
