<?xml version="1.0" encoding="UTF-8"?>
<!-- Generated by org.testng.reporters.JUnitReportReporter -->
<testsuite hostname="DESKTOP-D7V1PLT" failures="0" tests="1" name="TestCase.VerifyLoginTestCaseNegative" time="79.317" errors="0" timestamp="2023-09-21T13:29:36 IST" skipped="0">
  <testcase classname="TestCase.VerifyLoginTestCaseNegative" name="LoginTestCaseNegative" time="79.317"/>
  <system-out/>
</testsuite> <!-- TestCase.VerifyLoginTestCaseNegative -->
