<?xml version="1.0" encoding="UTF-8"?>
<!-- Generated by org.testng.reporters.JUnitReportReporter -->
<testsuite hostname="DESKTOP-D7V1PLT" failures="0" tests="1" name="TestCase.VerifyRiskDashboard" time="241.526" errors="0" timestamp="2023-12-04T11:12:46 IST" skipped="0">
  <testcase classname="TestCase.VerifyRiskDashboard" name="RiskDashboard" time="241.526"/>
  <system-out/>
</testsuite> <!-- TestCase.VerifyRiskDashboard -->
