<?xml version="1.0" encoding="UTF-8"?>
<!-- Generated by org.testng.reporters.JUnitReportReporter -->
<testsuite hostname="DESKTOP-D7V1PLT" failures="0" tests="1" name="TestCase.VerifyAnalysis_Perspective" time="178.631" errors="0" timestamp="2023-12-05T14:52:24 IST" skipped="0">
  <testcase classname="TestCase.VerifyAnalysis_Perspective" name="Perspective" time="178.631"/>
  <system-out/>
</testsuite> <!-- TestCase.VerifyAnalysis_Perspective -->
