<?xml version="1.0" encoding="UTF-8"?>
<!-- Generated by org.testng.reporters.JUnitReportReporter -->
<testsuite hostname="DESKTOP-D7V1PLT" failures="0" tests="1" name="TestCase.VerifyRiskImpact" time="125.592" errors="0" timestamp="2023-12-05T15:25:00 IST" skipped="0">
  <testcase classname="TestCase.VerifyRiskImpact" name="RiskImpactTestCase" time="125.592"/>
  <system-out/>
</testsuite> <!-- TestCase.VerifyRiskImpact -->
