<?xml version="1.0" encoding="UTF-8"?>
<!-- Generated by org.testng.reporters.JUnitReportReporter -->
<testsuite hostname="DESKTOP-D7V1PLT" failures="0" tests="1" name="TestCase.VerifyDashboard" time="122.491" errors="0" timestamp="2023-07-12T12:29:01 IST" skipped="0">
  <testcase classname="TestCase.VerifyDashboard" name="Dashboard" time="122.491"/>
  <system-out/>
</testsuite> <!-- TestCase.VerifyDashboard -->
