<?xml version="1.0" encoding="UTF-8"?>
<!-- Generated by org.testng.reporters.JUnitReportReporter -->
<testsuite hostname="DESKTOP-D7V1PLT" failures="0" tests="1" name="TestCase.VerifyOEI" time="221.611" errors="0" timestamp="2023-07-12T12:29:01 IST" skipped="0">
  <testcase classname="TestCase.VerifyOEI" name="OEI" time="221.611"/>
  <system-out/>
</testsuite> <!-- TestCase.VerifyOEI -->
