<?xml version="1.0" encoding="UTF-8"?>
<!-- Generated by org.testng.reporters.JUnitReportReporter -->
<testsuite hostname="DESKTOP-D7V1PLT" failures="0" tests="1" name="TestCase.VerifyEditProfileNegative" time="164.314" errors="0" timestamp="2023-07-12T12:29:01 IST" skipped="0">
  <testcase classname="TestCase.VerifyEditProfileNegative" name="EditProfileNegative" time="164.314"/>
  <system-out/>
</testsuite> <!-- TestCase.VerifyEditProfileNegative -->
